  main.cpp
C:\vs studio cpp\project\fulfilling knight\fulfilling knight\Player.h(1,1): warning C4828: 文件包含在偏移 0x293 处开始的字符，该字符在当前源字符集中无效(代码页 65001)。
  (编译源文件“main.cpp”)
  
C:\vs studio cpp\project\fulfilling knight\fulfilling knight\Player.h(1,1): warning C4828: 文件包含在偏移 0x295 处开始的字符，该字符在当前源字符集中无效(代码页 65001)。
  (编译源文件“main.cpp”)
  
C:\vs studio cpp\project\fulfilling knight\fulfilling knight\Player.h(1,1): warning C4828: 文件包含在偏移 0x296 处开始的字符，该字符在当前源字符集中无效(代码页 65001)。
  (编译源文件“main.cpp”)
  
C:\vs studio cpp\project\fulfilling knight\fulfilling knight\Player.h(1,1): warning C4828: 文件包含在偏移 0x297 处开始的字符，该字符在当前源字符集中无效(代码页 65001)。
  (编译源文件“main.cpp”)
  
C:\vs studio cpp\project\fulfilling knight\fulfilling knight\Player.h(1,1): warning C4828: 文件包含在偏移 0x298 处开始的字符，该字符在当前源字符集中无效(代码页 65001)。
  (编译源文件“main.cpp”)
  
C:\vs studio cpp\project\fulfilling knight\fulfilling knight\Player.h(1,1): warning C4828: 文件包含在偏移 0x29d 处开始的字符，该字符在当前源字符集中无效(代码页 65001)。
  (编译源文件“main.cpp”)
  
C:\vs studio cpp\project\fulfilling knight\fulfilling knight\Player.h(1,1): warning C4828: 文件包含在偏移 0x29e 处开始的字符，该字符在当前源字符集中无效(代码页 65001)。
  (编译源文件“main.cpp”)
  
C:\vs studio cpp\project\fulfilling knight\fulfilling knight\Player.h(1,1): warning C4828: 文件包含在偏移 0x468 处开始的字符，该字符在当前源字符集中无效(代码页 65001)。
  (编译源文件“main.cpp”)
  
C:\vs studio cpp\project\fulfilling knight\fulfilling knight\Player.h(1,1): warning C4828: 文件包含在偏移 0x46a 处开始的字符，该字符在当前源字符集中无效(代码页 65001)。
  (编译源文件“main.cpp”)
  
C:\vs studio cpp\project\fulfilling knight\fulfilling knight\Player.h(1,1): warning C4828: 文件包含在偏移 0x46b 处开始的字符，该字符在当前源字符集中无效(代码页 65001)。
  (编译源文件“main.cpp”)
  
C:\vs studio cpp\project\fulfilling knight\fulfilling knight\Player.h(1,1): warning C4828: 文件包含在偏移 0x46c 处开始的字符，该字符在当前源字符集中无效(代码页 65001)。
  (编译源文件“main.cpp”)
  
C:\vs studio cpp\project\fulfilling knight\fulfilling knight\Player.h(1,1): warning C4828: 文件包含在偏移 0x46d 处开始的字符，该字符在当前源字符集中无效(代码页 65001)。
  (编译源文件“main.cpp”)
  
C:\vs studio cpp\project\fulfilling knight\fulfilling knight\Enemy.h(1,1): warning C4828: 文件包含在偏移 0x124 处开始的字符，该字符在当前源字符集中无效(代码页 65001)。
  (编译源文件“main.cpp”)
  
C:\vs studio cpp\project\fulfilling knight\fulfilling knight\Enemy.h(1,1): warning C4828: 文件包含在偏移 0x126 处开始的字符，该字符在当前源字符集中无效(代码页 65001)。
  (编译源文件“main.cpp”)
  
C:\vs studio cpp\project\fulfilling knight\fulfilling knight\Enemy.h(1,1): warning C4828: 文件包含在偏移 0x127 处开始的字符，该字符在当前源字符集中无效(代码页 65001)。
  (编译源文件“main.cpp”)
  
C:\vs studio cpp\project\fulfilling knight\fulfilling knight\Enemy.h(1,1): warning C4828: 文件包含在偏移 0x12d 处开始的字符，该字符在当前源字符集中无效(代码页 65001)。
  (编译源文件“main.cpp”)
  
C:\vs studio cpp\project\fulfilling knight\fulfilling knight\Enemy.h(1,1): warning C4828: 文件包含在偏移 0x130 处开始的字符，该字符在当前源字符集中无效(代码页 65001)。
  (编译源文件“main.cpp”)
  
C:\vs studio cpp\project\fulfilling knight\fulfilling knight\Enemy.h(1,1): warning C4828: 文件包含在偏移 0x149 处开始的字符，该字符在当前源字符集中无效(代码页 65001)。
  (编译源文件“main.cpp”)
  
C:\vs studio cpp\project\fulfilling knight\fulfilling knight\Enemy.h(1,1): warning C4828: 文件包含在偏移 0x14a 处开始的字符，该字符在当前源字符集中无效(代码页 65001)。
  (编译源文件“main.cpp”)
  
C:\vs studio cpp\project\fulfilling knight\fulfilling knight\Enemy.h(1,1): warning C4828: 文件包含在偏移 0x14c 处开始的字符，该字符在当前源字符集中无效(代码页 65001)。
  (编译源文件“main.cpp”)
  
C:\vs studio cpp\project\fulfilling knight\fulfilling knight\Enemy.h(1,1): warning C4828: 文件包含在偏移 0x14d 处开始的字符，该字符在当前源字符集中无效(代码页 65001)。
  (编译源文件“main.cpp”)
  
C:\vs studio cpp\project\fulfilling knight\fulfilling knight\Enemy.h(1,1): warning C4828: 文件包含在偏移 0x14e 处开始的字符，该字符在当前源字符集中无效(代码页 65001)。
  (编译源文件“main.cpp”)
  
C:\vs studio cpp\project\fulfilling knight\fulfilling knight\Enemy.h(1,1): warning C4828: 文件包含在偏移 0x154 处开始的字符，该字符在当前源字符集中无效(代码页 65001)。
  (编译源文件“main.cpp”)
  
C:\vs studio cpp\project\fulfilling knight\fulfilling knight\Camera.h(1,1): warning C4828: 文件包含在偏移 0x84 处开始的字符，该字符在当前源字符集中无效(代码页 65001)。
  (编译源文件“main.cpp”)
  
C:\vs studio cpp\project\fulfilling knight\fulfilling knight\Camera.h(1,1): warning C4828: 文件包含在偏移 0x86 处开始的字符，该字符在当前源字符集中无效(代码页 65001)。
  (编译源文件“main.cpp”)
  
C:\vs studio cpp\project\fulfilling knight\fulfilling knight\Camera.h(1,1): warning C4828: 文件包含在偏移 0x88 处开始的字符，该字符在当前源字符集中无效(代码页 65001)。
  (编译源文件“main.cpp”)
  
C:\vs studio cpp\project\fulfilling knight\fulfilling knight\Camera.h(1,1): warning C4828: 文件包含在偏移 0x89 处开始的字符，该字符在当前源字符集中无效(代码页 65001)。
  (编译源文件“main.cpp”)
  
C:\vs studio cpp\project\fulfilling knight\fulfilling knight\Camera.h(1,1): warning C4828: 文件包含在偏移 0x8a 处开始的字符，该字符在当前源字符集中无效(代码页 65001)。
  (编译源文件“main.cpp”)
  
C:\vs studio cpp\project\fulfilling knight\fulfilling knight\Camera.h(1,1): warning C4828: 文件包含在偏移 0x8c 处开始的字符，该字符在当前源字符集中无效(代码页 65001)。
  (编译源文件“main.cpp”)
  
C:\vs studio cpp\project\fulfilling knight\fulfilling knight\Camera.h(1,1): warning C4828: 文件包含在偏移 0x8e 处开始的字符，该字符在当前源字符集中无效(代码页 65001)。
  (编译源文件“main.cpp”)
  
C:\vs studio cpp\project\fulfilling knight\fulfilling knight\Camera.h(1,1): warning C4828: 文件包含在偏移 0x91 处开始的字符，该字符在当前源字符集中无效(代码页 65001)。
  (编译源文件“main.cpp”)
  
C:\vs studio cpp\project\fulfilling knight\fulfilling knight\Camera.h(1,1): warning C4828: 文件包含在偏移 0x93 处开始的字符，该字符在当前源字符集中无效(代码页 65001)。
  (编译源文件“main.cpp”)
  
C:\vs studio cpp\project\fulfilling knight\fulfilling knight\Camera.h(1,1): warning C4828: 文件包含在偏移 0x94 处开始的字符，该字符在当前源字符集中无效(代码页 65001)。
  (编译源文件“main.cpp”)
  
C:\vs studio cpp\project\fulfilling knight\fulfilling knight\Camera.h(1,1): warning C4828: 文件包含在偏移 0x95 处开始的字符，该字符在当前源字符集中无效(代码页 65001)。
  (编译源文件“main.cpp”)
  
C:\vs studio cpp\project\fulfilling knight\fulfilling knight\Camera.h(1,1): warning C4828: 文件包含在偏移 0x98 处开始的字符，该字符在当前源字符集中无效(代码页 65001)。
  (编译源文件“main.cpp”)
  
C:\vs studio cpp\project\fulfilling knight\fulfilling knight\Camera.h(1,1): warning C4828: 文件包含在偏移 0x99 处开始的字符，该字符在当前源字符集中无效(代码页 65001)。
  (编译源文件“main.cpp”)
  
C:\vs studio cpp\project\fulfilling knight\fulfilling knight\Camera.h(1,1): warning C4828: 文件包含在偏移 0xb8 处开始的字符，该字符在当前源字符集中无效(代码页 65001)。
  (编译源文件“main.cpp”)
  
C:\vs studio cpp\project\fulfilling knight\fulfilling knight\Camera.h(1,1): warning C4828: 文件包含在偏移 0xbc 处开始的字符，该字符在当前源字符集中无效(代码页 65001)。
  (编译源文件“main.cpp”)
  
C:\vs studio cpp\project\fulfilling knight\fulfilling knight\Camera.h(1,1): warning C4828: 文件包含在偏移 0xbe 处开始的字符，该字符在当前源字符集中无效(代码页 65001)。
  (编译源文件“main.cpp”)
  
C:\vs studio cpp\project\fulfilling knight\fulfilling knight\Camera.h(1,1): warning C4828: 文件包含在偏移 0xbf 处开始的字符，该字符在当前源字符集中无效(代码页 65001)。
  (编译源文件“main.cpp”)
  
C:\vs studio cpp\project\fulfilling knight\fulfilling knight\Camera.h(1,1): warning C4828: 文件包含在偏移 0xc0 处开始的字符，该字符在当前源字符集中无效(代码页 65001)。
  (编译源文件“main.cpp”)
  
C:\vs studio cpp\project\fulfilling knight\fulfilling knight\Camera.h(1,1): warning C4828: 文件包含在偏移 0xc1 处开始的字符，该字符在当前源字符集中无效(代码页 65001)。
  (编译源文件“main.cpp”)
  
C:\vs studio cpp\project\fulfilling knight\fulfilling knight\Camera.h(1,1): warning C4828: 文件包含在偏移 0xc2 处开始的字符，该字符在当前源字符集中无效(代码页 65001)。
  (编译源文件“main.cpp”)
  
C:\vs studio cpp\project\fulfilling knight\fulfilling knight\Camera.h(1,1): warning C4828: 文件包含在偏移 0xc5 处开始的字符，该字符在当前源字符集中无效(代码页 65001)。
  (编译源文件“main.cpp”)
  
C:\vs studio cpp\project\fulfilling knight\fulfilling knight\Camera.h(1,1): warning C4828: 文件包含在偏移 0xc9 处开始的字符，该字符在当前源字符集中无效(代码页 65001)。
  (编译源文件“main.cpp”)
  
C:\vs studio cpp\project\fulfilling knight\fulfilling knight\Camera.h(1,1): warning C4828: 文件包含在偏移 0xca 处开始的字符，该字符在当前源字符集中无效(代码页 65001)。
  (编译源文件“main.cpp”)
  
C:\vs studio cpp\project\fulfilling knight\fulfilling knight\Camera.h(1,1): warning C4828: 文件包含在偏移 0xcb 处开始的字符，该字符在当前源字符集中无效(代码页 65001)。
  (编译源文件“main.cpp”)
  
C:\vs studio cpp\project\fulfilling knight\fulfilling knight\Camera.h(1,1): warning C4828: 文件包含在偏移 0x11b 处开始的字符，该字符在当前源字符集中无效(代码页 65001)。
  (编译源文件“main.cpp”)
  
C:\vs studio cpp\project\fulfilling knight\fulfilling knight\Camera.h(1,1): warning C4828: 文件包含在偏移 0x11d 处开始的字符，该字符在当前源字符集中无效(代码页 65001)。
  (编译源文件“main.cpp”)
  
C:\vs studio cpp\project\fulfilling knight\fulfilling knight\Camera.h(1,1): warning C4828: 文件包含在偏移 0x11f 处开始的字符，该字符在当前源字符集中无效(代码页 65001)。
  (编译源文件“main.cpp”)
  
C:\vs studio cpp\project\fulfilling knight\fulfilling knight\Camera.h(1,1): warning C4828: 文件包含在偏移 0x121 处开始的字符，该字符在当前源字符集中无效(代码页 65001)。
  (编译源文件“main.cpp”)
  
C:\vs studio cpp\project\fulfilling knight\fulfilling knight\Camera.h(1,1): warning C4828: 文件包含在偏移 0x122 处开始的字符，该字符在当前源字符集中无效(代码页 65001)。
  (编译源文件“main.cpp”)
  
C:\vs studio cpp\project\fulfilling knight\fulfilling knight\Camera.h(1,1): warning C4828: 文件包含在偏移 0x125 处开始的字符，该字符在当前源字符集中无效(代码页 65001)。
  (编译源文件“main.cpp”)
  
C:\vs studio cpp\project\fulfilling knight\fulfilling knight\Camera.h(1,1): warning C4828: 文件包含在偏移 0x126 处开始的字符，该字符在当前源字符集中无效(代码页 65001)。
  (编译源文件“main.cpp”)
  
C:\vs studio cpp\project\fulfilling knight\fulfilling knight\Camera.h(1,1): warning C4828: 文件包含在偏移 0x127 处开始的字符，该字符在当前源字符集中无效(代码页 65001)。
  (编译源文件“main.cpp”)
  
C:\vs studio cpp\project\fulfilling knight\fulfilling knight\Camera.h(1,1): warning C4828: 文件包含在偏移 0x128 处开始的字符，该字符在当前源字符集中无效(代码页 65001)。
  (编译源文件“main.cpp”)
  
C:\vs studio cpp\project\fulfilling knight\fulfilling knight\Camera.h(1,1): warning C4828: 文件包含在偏移 0x129 处开始的字符，该字符在当前源字符集中无效(代码页 65001)。
  (编译源文件“main.cpp”)
  
C:\vs studio cpp\project\fulfilling knight\fulfilling knight\Camera.h(1,1): warning C4828: 文件包含在偏移 0x12d 处开始的字符，该字符在当前源字符集中无效(代码页 65001)。
  (编译源文件“main.cpp”)
  
C:\vs studio cpp\project\fulfilling knight\fulfilling knight\Camera.h(1,1): warning C4828: 文件包含在偏移 0x131 处开始的字符，该字符在当前源字符集中无效(代码页 65001)。
  (编译源文件“main.cpp”)
  
C:\vs studio cpp\project\fulfilling knight\fulfilling knight\Camera.h(1,1): warning C4828: 文件包含在偏移 0x132 处开始的字符，该字符在当前源字符集中无效(代码页 65001)。
  (编译源文件“main.cpp”)
  
C:\vs studio cpp\project\fulfilling knight\fulfilling knight\Camera.h(1,1): warning C4828: 文件包含在偏移 0x133 处开始的字符，该字符在当前源字符集中无效(代码页 65001)。
  (编译源文件“main.cpp”)
  
C:\vs studio cpp\project\fulfilling knight\fulfilling knight\Camera.h(1,1): warning C4828: 文件包含在偏移 0x135 处开始的字符，该字符在当前源字符集中无效(代码页 65001)。
  (编译源文件“main.cpp”)
  
C:\vs studio cpp\project\fulfilling knight\fulfilling knight\Camera.h(1,1): warning C4828: 文件包含在偏移 0x137 处开始的字符，该字符在当前源字符集中无效(代码页 65001)。
  (编译源文件“main.cpp”)
  
C:\vs studio cpp\project\fulfilling knight\fulfilling knight\Camera.h(1,1): warning C4828: 文件包含在偏移 0x139 处开始的字符，该字符在当前源字符集中无效(代码页 65001)。
  (编译源文件“main.cpp”)
  
C:\vs studio cpp\project\fulfilling knight\fulfilling knight\Camera.h(1,1): warning C4828: 文件包含在偏移 0x13a 处开始的字符，该字符在当前源字符集中无效(代码页 65001)。
  (编译源文件“main.cpp”)
  
C:\vs studio cpp\project\fulfilling knight\fulfilling knight\Camera.h(1,1): warning C4828: 文件包含在偏移 0x13c 处开始的字符，该字符在当前源字符集中无效(代码页 65001)。
  (编译源文件“main.cpp”)
  
C:\vs studio cpp\project\fulfilling knight\fulfilling knight\Camera.h(1,1): warning C4828: 文件包含在偏移 0x13d 处开始的字符，该字符在当前源字符集中无效(代码页 65001)。
  (编译源文件“main.cpp”)
  
C:\vs studio cpp\project\fulfilling knight\fulfilling knight\Camera.h(1,1): warning C4828: 文件包含在偏移 0x140 处开始的字符，该字符在当前源字符集中无效(代码页 65001)。
  (编译源文件“main.cpp”)
  
C:\vs studio cpp\project\fulfilling knight\fulfilling knight\Camera.h(1,1): warning C4828: 文件包含在偏移 0x195 处开始的字符，该字符在当前源字符集中无效(代码页 65001)。
  (编译源文件“main.cpp”)
  
C:\vs studio cpp\project\fulfilling knight\fulfilling knight\Camera.h(1,1): warning C4828: 文件包含在偏移 0x199 处开始的字符，该字符在当前源字符集中无效(代码页 65001)。
  (编译源文件“main.cpp”)
  
C:\vs studio cpp\project\fulfilling knight\fulfilling knight\Camera.h(1,1): warning C4828: 文件包含在偏移 0x19d 处开始的字符，该字符在当前源字符集中无效(代码页 65001)。
  (编译源文件“main.cpp”)
  
C:\vs studio cpp\project\fulfilling knight\fulfilling knight\Camera.h(1,1): warning C4828: 文件包含在偏移 0x19f 处开始的字符，该字符在当前源字符集中无效(代码页 65001)。
  (编译源文件“main.cpp”)
  
C:\vs studio cpp\project\fulfilling knight\fulfilling knight\Camera.h(1,1): warning C4828: 文件包含在偏移 0x1a0 处开始的字符，该字符在当前源字符集中无效(代码页 65001)。
  (编译源文件“main.cpp”)
  
C:\vs studio cpp\project\fulfilling knight\fulfilling knight\Camera.h(1,1): warning C4828: 文件包含在偏移 0x1a1 处开始的字符，该字符在当前源字符集中无效(代码页 65001)。
  (编译源文件“main.cpp”)
  
C:\vs studio cpp\project\fulfilling knight\fulfilling knight\Camera.h(1,1): warning C4828: 文件包含在偏移 0x1a2 处开始的字符，该字符在当前源字符集中无效(代码页 65001)。
  (编译源文件“main.cpp”)
  
C:\vs studio cpp\project\fulfilling knight\fulfilling knight\Camera.h(1,1): warning C4828: 文件包含在偏移 0x1a4 处开始的字符，该字符在当前源字符集中无效(代码页 65001)。
  (编译源文件“main.cpp”)
  
C:\vs studio cpp\project\fulfilling knight\fulfilling knight\Camera.h(1,1): warning C4828: 文件包含在偏移 0x1a6 处开始的字符，该字符在当前源字符集中无效(代码页 65001)。
  (编译源文件“main.cpp”)
  
C:\vs studio cpp\project\fulfilling knight\fulfilling knight\Camera.h(1,1): warning C4828: 文件包含在偏移 0x200 处开始的字符，该字符在当前源字符集中无效(代码页 65001)。
  (编译源文件“main.cpp”)
  
C:\vs studio cpp\project\fulfilling knight\fulfilling knight\Camera.h(1,1): warning C4828: 文件包含在偏移 0x203 处开始的字符，该字符在当前源字符集中无效(代码页 65001)。
  (编译源文件“main.cpp”)
  
C:\vs studio cpp\project\fulfilling knight\fulfilling knight\Camera.h(1,1): warning C4828: 文件包含在偏移 0x206 处开始的字符，该字符在当前源字符集中无效(代码页 65001)。
  (编译源文件“main.cpp”)
  
C:\vs studio cpp\project\fulfilling knight\fulfilling knight\Camera.h(1,1): warning C4828: 文件包含在偏移 0x208 处开始的字符，该字符在当前源字符集中无效(代码页 65001)。
  (编译源文件“main.cpp”)
  
C:\vs studio cpp\project\fulfilling knight\fulfilling knight\Camera.h(1,1): warning C4828: 文件包含在偏移 0x209 处开始的字符，该字符在当前源字符集中无效(代码页 65001)。
  (编译源文件“main.cpp”)
  
C:\vs studio cpp\project\fulfilling knight\fulfilling knight\Camera.h(1,1): warning C4828: 文件包含在偏移 0x20a 处开始的字符，该字符在当前源字符集中无效(代码页 65001)。
  (编译源文件“main.cpp”)
  
C:\vs studio cpp\project\fulfilling knight\fulfilling knight\Camera.h(1,1): warning C4828: 文件包含在偏移 0x20b 处开始的字符，该字符在当前源字符集中无效(代码页 65001)。
  (编译源文件“main.cpp”)
  
C:\vs studio cpp\project\fulfilling knight\fulfilling knight\Camera.h(1,1): warning C4828: 文件包含在偏移 0x20c 处开始的字符，该字符在当前源字符集中无效(代码页 65001)。
  (编译源文件“main.cpp”)
  
C:\vs studio cpp\project\fulfilling knight\fulfilling knight\Camera.h(1,1): warning C4828: 文件包含在偏移 0x20e 处开始的字符，该字符在当前源字符集中无效(代码页 65001)。
  (编译源文件“main.cpp”)
  
C:\vs studio cpp\project\fulfilling knight\fulfilling knight\Camera.h(1,1): warning C4828: 文件包含在偏移 0x210 处开始的字符，该字符在当前源字符集中无效(代码页 65001)。
  (编译源文件“main.cpp”)
  
C:\vs studio cpp\project\fulfilling knight\fulfilling knight\Camera.h(1,1): warning C4828: 文件包含在偏移 0x211 处开始的字符，该字符在当前源字符集中无效(代码页 65001)。
  (编译源文件“main.cpp”)
  
C:\vs studio cpp\project\fulfilling knight\fulfilling knight\Camera.h(1,1): warning C4828: 文件包含在偏移 0x212 处开始的字符，该字符在当前源字符集中无效(代码页 65001)。
  (编译源文件“main.cpp”)
  
C:\vs studio cpp\project\fulfilling knight\fulfilling knight\Camera.h(1,1): warning C4828: 文件包含在偏移 0x213 处开始的字符，该字符在当前源字符集中无效(代码页 65001)。
  (编译源文件“main.cpp”)
  
C:\vs studio cpp\project\fulfilling knight\fulfilling knight\Camera.h(1,1): warning C4828: 文件包含在偏移 0x214 处开始的字符，该字符在当前源字符集中无效(代码页 65001)。
  (编译源文件“main.cpp”)
  
C:\vs studio cpp\project\fulfilling knight\fulfilling knight\Camera.h(1,1): warning C4828: 文件包含在偏移 0x215 处开始的字符，该字符在当前源字符集中无效(代码页 65001)。
  (编译源文件“main.cpp”)
  
C:\vs studio cpp\project\fulfilling knight\fulfilling knight\Camera.h(1,1): warning C4828: 文件包含在偏移 0x217 处开始的字符，该字符在当前源字符集中无效(代码页 65001)。
  (编译源文件“main.cpp”)
  
C:\vs studio cpp\project\fulfilling knight\fulfilling knight\Camera.h(1,1): warning C4828: 文件包含在偏移 0x218 处开始的字符，该字符在当前源字符集中无效(代码页 65001)。
  (编译源文件“main.cpp”)
  
C:\vs studio cpp\project\fulfilling knight\fulfilling knight\Camera.h(1,1): warning C4828: 文件包含在偏移 0x21a 处开始的字符，该字符在当前源字符集中无效(代码页 65001)。
  (编译源文件“main.cpp”)
  
C:\vs studio cpp\project\fulfilling knight\fulfilling knight\Camera.h(1,1): warning C4828: 文件包含在偏移 0x21c 处开始的字符，该字符在当前源字符集中无效(代码页 65001)。
  (编译源文件“main.cpp”)
  
C:\vs studio cpp\project\fulfilling knight\fulfilling knight\Camera.h(1,1): warning C4828: 文件包含在偏移 0x21d 处开始的字符，该字符在当前源字符集中无效(代码页 65001)。
  (编译源文件“main.cpp”)
  
C:\vs studio cpp\project\fulfilling knight\fulfilling knight\Camera.h(1,1): warning C4828: 文件包含在偏移 0x21e 处开始的字符，该字符在当前源字符集中无效(代码页 65001)。
  (编译源文件“main.cpp”)
  
C:\vs studio cpp\project\fulfilling knight\fulfilling knight\Camera.h(1,1): warning C4828: 文件包含在偏移 0x21f 处开始的字符，该字符在当前源字符集中无效(代码页 65001)。
  (编译源文件“main.cpp”)
  
C:\vs studio cpp\project\fulfilling knight\fulfilling knight\Camera.h(1,1): warning C4828: 文件包含在偏移 0x222 处开始的字符，该字符在当前源字符集中无效(代码页 65001)。
  (编译源文件“main.cpp”)
  
C:\vs studio cpp\project\fulfilling knight\fulfilling knight\Camera.h(1,1): warning C4828: 文件包含在偏移 0x224 处开始的字符，该字符在当前源字符集中无效(代码页 65001)。
  (编译源文件“main.cpp”)
  
C:\vs studio cpp\project\fulfilling knight\fulfilling knight\Camera.h(1,1): warning C4828: 文件包含在偏移 0x225 处开始的字符，该字符在当前源字符集中无效(代码页 65001)。
  (编译源文件“main.cpp”)
  
C:\vs studio cpp\project\fulfilling knight\fulfilling knight\Camera.h(1,1): warning C4828: 文件包含在偏移 0x228 处开始的字符，该字符在当前源字符集中无效(代码页 65001)。
  (编译源文件“main.cpp”)
  
C:\vs studio cpp\project\fulfilling knight\fulfilling knight\Camera.h(1,1): warning C4828: 文件包含在偏移 0x22c 处开始的字符，该字符在当前源字符集中无效(代码页 65001)。
  (编译源文件“main.cpp”)
  
C:\vs studio cpp\project\fulfilling knight\fulfilling knight\Camera.h(1,1): warning C4828: 文件包含在偏移 0x22e 处开始的字符，该字符在当前源字符集中无效(代码页 65001)。
  (编译源文件“main.cpp”)
  
C:\vs studio cpp\project\fulfilling knight\fulfilling knight\Camera.h(1,1): warning C4828: 文件包含在偏移 0x22f 处开始的字符，该字符在当前源字符集中无效(代码页 65001)。
  (编译源文件“main.cpp”)
  
C:\vs studio cpp\project\fulfilling knight\fulfilling knight\Camera.h(1,1): warning C4828: 文件包含在偏移 0x230 处开始的字符，该字符在当前源字符集中无效(代码页 65001)。
  (编译源文件“main.cpp”)
  
C:\vs studio cpp\project\fulfilling knight\fulfilling knight\Camera.h(1,1): warning C4828: 文件包含在偏移 0x231 处开始的字符，该字符在当前源字符集中无效(代码页 65001)。
  (编译源文件“main.cpp”)
  
C:\vs studio cpp\project\fulfilling knight\fulfilling knight\Camera.h(1,1): warning C4828: 文件包含在偏移 0x232 处开始的字符，该字符在当前源字符集中无效(代码页 65001)。
  (编译源文件“main.cpp”)
  
C:\vs studio cpp\project\fulfilling knight\fulfilling knight\Camera.h(1,1): warning C4828: 文件包含在偏移 0x233 处开始的字符，该字符在当前源字符集中无效(代码页 65001)。
  (编译源文件“main.cpp”)
  
C:\vs studio cpp\project\fulfilling knight\fulfilling knight\Camera.h(1,1): warning C4828: 文件包含在偏移 0x33d 处开始的字符，该字符在当前源字符集中无效(代码页 65001)。
  (编译源文件“main.cpp”)
  
C:\vs studio cpp\project\fulfilling knight\fulfilling knight\Camera.h(1,1): warning C4828: 文件包含在偏移 0x33f 处开始的字符，该字符在当前源字符集中无效(代码页 65001)。
  (编译源文件“main.cpp”)
  
C:\vs studio cpp\project\fulfilling knight\fulfilling knight\Camera.h(1,1): warning C4828: 文件包含在偏移 0x340 处开始的字符，该字符在当前源字符集中无效(代码页 65001)。
  (编译源文件“main.cpp”)
  
C:\vs studio cpp\project\fulfilling knight\fulfilling knight\Camera.h(1,1): warning C4828: 文件包含在偏移 0x344 处开始的字符，该字符在当前源字符集中无效(代码页 65001)。
  (编译源文件“main.cpp”)
  
C:\vs studio cpp\project\fulfilling knight\fulfilling knight\Camera.h(1,1): warning C4828: 文件包含在偏移 0x345 处开始的字符，该字符在当前源字符集中无效(代码页 65001)。
  (编译源文件“main.cpp”)
  
C:\vs studio cpp\project\fulfilling knight\fulfilling knight\Camera.h(1,1): warning C4828: 文件包含在偏移 0x349 处开始的字符，该字符在当前源字符集中无效(代码页 65001)。
  (编译源文件“main.cpp”)
  
C:\vs studio cpp\project\fulfilling knight\fulfilling knight\Camera.h(1,1): warning C4828: 文件包含在偏移 0x34b 处开始的字符，该字符在当前源字符集中无效(代码页 65001)。
  (编译源文件“main.cpp”)
  
C:\vs studio cpp\project\fulfilling knight\fulfilling knight\Camera.h(1,1): warning C4828: 文件包含在偏移 0x34c 处开始的字符，该字符在当前源字符集中无效(代码页 65001)。
  (编译源文件“main.cpp”)
  
C:\vs studio cpp\project\fulfilling knight\fulfilling knight\Camera.h(1,1): warning C4828: 文件包含在偏移 0x34d 处开始的字符，该字符在当前源字符集中无效(代码页 65001)。
  (编译源文件“main.cpp”)
  
C:\vs studio cpp\project\fulfilling knight\fulfilling knight\Camera.h(1,1): warning C4828: 文件包含在偏移 0x34e 处开始的字符，该字符在当前源字符集中无效(代码页 65001)。
  (编译源文件“main.cpp”)
  
C:\vs studio cpp\project\fulfilling knight\fulfilling knight\Camera.h(1,1): warning C4828: 文件包含在偏移 0x352 处开始的字符，该字符在当前源字符集中无效(代码页 65001)。
  (编译源文件“main.cpp”)
  
C:\vs studio cpp\project\fulfilling knight\fulfilling knight\Camera.h(1,1): warning C4828: 文件包含在偏移 0x354 处开始的字符，该字符在当前源字符集中无效(代码页 65001)。
  (编译源文件“main.cpp”)
  
C:\vs studio cpp\project\fulfilling knight\fulfilling knight\Camera.h(1,1): warning C4828: 文件包含在偏移 0x355 处开始的字符，该字符在当前源字符集中无效(代码页 65001)。
  (编译源文件“main.cpp”)
  
C:\vs studio cpp\project\fulfilling knight\fulfilling knight\Camera.h(1,1): warning C4828: 文件包含在偏移 0x356 处开始的字符，该字符在当前源字符集中无效(代码页 65001)。
  (编译源文件“main.cpp”)
  
C:\vs studio cpp\project\fulfilling knight\fulfilling knight\Camera.h(1,1): warning C4828: 文件包含在偏移 0x359 处开始的字符，该字符在当前源字符集中无效(代码页 65001)。
  (编译源文件“main.cpp”)
  
C:\vs studio cpp\project\fulfilling knight\fulfilling knight\Camera.h(1,1): warning C4828: 文件包含在偏移 0x35d 处开始的字符，该字符在当前源字符集中无效(代码页 65001)。
  (编译源文件“main.cpp”)
  
C:\vs studio cpp\project\fulfilling knight\fulfilling knight\Camera.h(1,1): warning C4828: 文件包含在偏移 0x35e 处开始的字符，该字符在当前源字符集中无效(代码页 65001)。
  (编译源文件“main.cpp”)
  
C:\vs studio cpp\project\fulfilling knight\fulfilling knight\Camera.h(1,1): warning C4828: 文件包含在偏移 0x373 处开始的字符，该字符在当前源字符集中无效(代码页 65001)。
  (编译源文件“main.cpp”)
  
C:\vs studio cpp\project\fulfilling knight\fulfilling knight\Camera.h(1,1): warning C4828: 文件包含在偏移 0x374 处开始的字符，该字符在当前源字符集中无效(代码页 65001)。
  (编译源文件“main.cpp”)
  
C:\vs studio cpp\project\fulfilling knight\fulfilling knight\Camera.h(1,1): warning C4828: 文件包含在偏移 0x376 处开始的字符，该字符在当前源字符集中无效(代码页 65001)。
  (编译源文件“main.cpp”)
  
C:\vs studio cpp\project\fulfilling knight\fulfilling knight\Camera.h(1,1): warning C4828: 文件包含在偏移 0x379 处开始的字符，该字符在当前源字符集中无效(代码页 65001)。
  (编译源文件“main.cpp”)
  
C:\vs studio cpp\project\fulfilling knight\fulfilling knight\Camera.h(1,1): warning C4828: 文件包含在偏移 0x37a 处开始的字符，该字符在当前源字符集中无效(代码页 65001)。
  (编译源文件“main.cpp”)
  
C:\vs studio cpp\project\fulfilling knight\fulfilling knight\Camera.h(1,1): warning C4828: 文件包含在偏移 0x37b 处开始的字符，该字符在当前源字符集中无效(代码页 65001)。
  (编译源文件“main.cpp”)
  
C:\vs studio cpp\project\fulfilling knight\fulfilling knight\Camera.h(1,1): warning C4828: 文件包含在偏移 0x37f 处开始的字符，该字符在当前源字符集中无效(代码页 65001)。
  (编译源文件“main.cpp”)
  
C:\vs studio cpp\project\fulfilling knight\fulfilling knight\Camera.h(1,1): warning C4828: 文件包含在偏移 0x380 处开始的字符，该字符在当前源字符集中无效(代码页 65001)。
  (编译源文件“main.cpp”)
  
C:\vs studio cpp\project\fulfilling knight\fulfilling knight\Camera.h(1,1): warning C4828: 文件包含在偏移 0x381 处开始的字符，该字符在当前源字符集中无效(代码页 65001)。
  (编译源文件“main.cpp”)
  
C:\vs studio cpp\project\fulfilling knight\fulfilling knight\Camera.h(1,1): warning C4828: 文件包含在偏移 0x385 处开始的字符，该字符在当前源字符集中无效(代码页 65001)。
  (编译源文件“main.cpp”)
  
C:\vs studio cpp\project\fulfilling knight\fulfilling knight\Camera.h(1,1): warning C4828: 文件包含在偏移 0x386 处开始的字符，该字符在当前源字符集中无效(代码页 65001)。
  (编译源文件“main.cpp”)
  
C:\vs studio cpp\project\fulfilling knight\fulfilling knight\Camera.h(1,1): warning C4828: 文件包含在偏移 0x388 处开始的字符，该字符在当前源字符集中无效(代码页 65001)。
  (编译源文件“main.cpp”)
  
C:\vs studio cpp\project\fulfilling knight\fulfilling knight\Camera.h(1,1): warning C4828: 文件包含在偏移 0x38c 处开始的字符，该字符在当前源字符集中无效(代码页 65001)。
  (编译源文件“main.cpp”)
  
C:\vs studio cpp\project\fulfilling knight\fulfilling knight\Camera.h(1,1): warning C4828: 文件包含在偏移 0x38d 处开始的字符，该字符在当前源字符集中无效(代码页 65001)。
  (编译源文件“main.cpp”)
  
C:\vs studio cpp\project\fulfilling knight\fulfilling knight\Camera.h(1,1): warning C4828: 文件包含在偏移 0x391 处开始的字符，该字符在当前源字符集中无效(代码页 65001)。
  (编译源文件“main.cpp”)
  
C:\vs studio cpp\project\fulfilling knight\fulfilling knight\Camera.h(1,1): warning C4828: 文件包含在偏移 0x392 处开始的字符，该字符在当前源字符集中无效(代码页 65001)。
  (编译源文件“main.cpp”)
  
C:\vs studio cpp\project\fulfilling knight\fulfilling knight\Camera.h(1,1): warning C4828: 文件包含在偏移 0x393 处开始的字符，该字符在当前源字符集中无效(代码页 65001)。
  (编译源文件“main.cpp”)
  
C:\vs studio cpp\project\fulfilling knight\fulfilling knight\Camera.h(1,1): warning C4828: 文件包含在偏移 0x395 处开始的字符，该字符在当前源字符集中无效(代码页 65001)。
  (编译源文件“main.cpp”)
  
C:\vs studio cpp\project\fulfilling knight\fulfilling knight\Camera.h(1,1): warning C4828: 文件包含在偏移 0x397 处开始的字符，该字符在当前源字符集中无效(代码页 65001)。
  (编译源文件“main.cpp”)
  
C:\vs studio cpp\project\fulfilling knight\fulfilling knight\Camera.h(1,1): warning C4828: 文件包含在偏移 0x398 处开始的字符，该字符在当前源字符集中无效(代码页 65001)。
  (编译源文件“main.cpp”)
  
C:\vs studio cpp\project\fulfilling knight\fulfilling knight\Camera.h(1,1): warning C4828: 文件包含在偏移 0x39a 处开始的字符，该字符在当前源字符集中无效(代码页 65001)。
  (编译源文件“main.cpp”)
  
C:\vs studio cpp\project\fulfilling knight\fulfilling knight\Camera.h(1,1): warning C4828: 文件包含在偏移 0x39d 处开始的字符，该字符在当前源字符集中无效(代码页 65001)。
  (编译源文件“main.cpp”)
  
C:\vs studio cpp\project\fulfilling knight\fulfilling knight\Camera.h(1,1): warning C4828: 文件包含在偏移 0x39f 处开始的字符，该字符在当前源字符集中无效(代码页 65001)。
  (编译源文件“main.cpp”)
  
C:\vs studio cpp\project\fulfilling knight\fulfilling knight\Camera.h(1,1): warning C4828: 文件包含在偏移 0x3a0 处开始的字符，该字符在当前源字符集中无效(代码页 65001)。
  (编译源文件“main.cpp”)
  
C:\vs studio cpp\project\fulfilling knight\fulfilling knight\Camera.h(1,1): warning C4828: 文件包含在偏移 0x3a4 处开始的字符，该字符在当前源字符集中无效(代码页 65001)。
  (编译源文件“main.cpp”)
  
C:\vs studio cpp\project\fulfilling knight\fulfilling knight\Camera.h(1,1): warning C4828: 文件包含在偏移 0x3a6 处开始的字符，该字符在当前源字符集中无效(代码页 65001)。
  (编译源文件“main.cpp”)
  
C:\vs studio cpp\project\fulfilling knight\fulfilling knight\Camera.h(1,1): warning C4828: 文件包含在偏移 0x3aa 处开始的字符，该字符在当前源字符集中无效(代码页 65001)。
  (编译源文件“main.cpp”)
  
C:\vs studio cpp\project\fulfilling knight\fulfilling knight\Camera.h(1,1): warning C4828: 文件包含在偏移 0x3ae 处开始的字符，该字符在当前源字符集中无效(代码页 65001)。
  (编译源文件“main.cpp”)
  
C:\vs studio cpp\project\fulfilling knight\fulfilling knight\Camera.h(1,1): warning C4828: 文件包含在偏移 0x3bc 处开始的字符，该字符在当前源字符集中无效(代码页 65001)。
  (编译源文件“main.cpp”)
  
C:\vs studio cpp\project\fulfilling knight\fulfilling knight\Camera.h(1,1): warning C4828: 文件包含在偏移 0x3bd 处开始的字符，该字符在当前源字符集中无效(代码页 65001)。
  (编译源文件“main.cpp”)
  
C:\vs studio cpp\project\fulfilling knight\fulfilling knight\Camera.h(1,1): warning C4828: 文件包含在偏移 0x3c0 处开始的字符，该字符在当前源字符集中无效(代码页 65001)。
  (编译源文件“main.cpp”)
  
C:\vs studio cpp\project\fulfilling knight\fulfilling knight\Camera.h(1,1): warning C4828: 文件包含在偏移 0x3c2 处开始的字符，该字符在当前源字符集中无效(代码页 65001)。
  (编译源文件“main.cpp”)
  
C:\vs studio cpp\project\fulfilling knight\fulfilling knight\Camera.h(1,1): warning C4828: 文件包含在偏移 0x3c3 处开始的字符，该字符在当前源字符集中无效(代码页 65001)。
  (编译源文件“main.cpp”)
  
C:\vs studio cpp\project\fulfilling knight\fulfilling knight\Camera.h(1,1): warning C4828: 文件包含在偏移 0x3c4 处开始的字符，该字符在当前源字符集中无效(代码页 65001)。
  (编译源文件“main.cpp”)
  
C:\vs studio cpp\project\fulfilling knight\fulfilling knight\Camera.h(1,1): warning C4828: 文件包含在偏移 0x3c5 处开始的字符，该字符在当前源字符集中无效(代码页 65001)。
  (编译源文件“main.cpp”)
  
C:\vs studio cpp\project\fulfilling knight\fulfilling knight\Camera.h(1,1): warning C4828: 文件包含在偏移 0x3c6 处开始的字符，该字符在当前源字符集中无效(代码页 65001)。
  (编译源文件“main.cpp”)
  
C:\vs studio cpp\project\fulfilling knight\fulfilling knight\Camera.h(1,1): warning C4828: 文件包含在偏移 0x3c7 处开始的字符，该字符在当前源字符集中无效(代码页 65001)。
  (编译源文件“main.cpp”)
  
C:\vs studio cpp\project\fulfilling knight\fulfilling knight\Camera.h(1,1): warning C4828: 文件包含在偏移 0x3c9 处开始的字符，该字符在当前源字符集中无效(代码页 65001)。
  (编译源文件“main.cpp”)
  
C:\vs studio cpp\project\fulfilling knight\fulfilling knight\Camera.h(1,1): warning C4828: 文件包含在偏移 0x3cc 处开始的字符，该字符在当前源字符集中无效(代码页 65001)。
  (编译源文件“main.cpp”)
  
C:\vs studio cpp\project\fulfilling knight\fulfilling knight\Camera.h(1,1): warning C4828: 文件包含在偏移 0x3cd 处开始的字符，该字符在当前源字符集中无效(代码页 65001)。
  (编译源文件“main.cpp”)
  
C:\vs studio cpp\project\fulfilling knight\fulfilling knight\Camera.h(1,1): warning C4828: 文件包含在偏移 0x3d9 处开始的字符，该字符在当前源字符集中无效(代码页 65001)。
  (编译源文件“main.cpp”)
  
C:\vs studio cpp\project\fulfilling knight\fulfilling knight\Camera.h(1,1): warning C4828: 文件包含在偏移 0x3e1 处开始的字符，该字符在当前源字符集中无效(代码页 65001)。
  (编译源文件“main.cpp”)
  
C:\vs studio cpp\project\fulfilling knight\fulfilling knight\Camera.h(1,1): warning C4828: 文件包含在偏移 0x3e2 处开始的字符，该字符在当前源字符集中无效(代码页 65001)。
  (编译源文件“main.cpp”)
  
C:\vs studio cpp\project\fulfilling knight\fulfilling knight\Camera.h(1,1): warning C4828: 文件包含在偏移 0x3e3 处开始的字符，该字符在当前源字符集中无效(代码页 65001)。
  (编译源文件“main.cpp”)
  
C:\vs studio cpp\project\fulfilling knight\fulfilling knight\Camera.h(1,1): warning C4828: 文件包含在偏移 0x3e5 处开始的字符，该字符在当前源字符集中无效(代码页 65001)。
  (编译源文件“main.cpp”)
  
C:\vs studio cpp\project\fulfilling knight\fulfilling knight\Camera.h(1,1): warning C4828: 文件包含在偏移 0x3e6 处开始的字符，该字符在当前源字符集中无效(代码页 65001)。
  (编译源文件“main.cpp”)
  
C:\vs studio cpp\project\fulfilling knight\fulfilling knight\Camera.h(1,1): warning C4828: 文件包含在偏移 0x3e7 处开始的字符，该字符在当前源字符集中无效(代码页 65001)。
  (编译源文件“main.cpp”)
  
C:\vs studio cpp\project\fulfilling knight\fulfilling knight\Camera.h(1,1): warning C4828: 文件包含在偏移 0x3e9 处开始的字符，该字符在当前源字符集中无效(代码页 65001)。
  (编译源文件“main.cpp”)
  
C:\vs studio cpp\project\fulfilling knight\fulfilling knight\Camera.h(1,1): warning C4828: 文件包含在偏移 0x3ea 处开始的字符，该字符在当前源字符集中无效(代码页 65001)。
  (编译源文件“main.cpp”)
  
C:\vs studio cpp\project\fulfilling knight\fulfilling knight\Camera.h(1,1): warning C4828: 文件包含在偏移 0x3eb 处开始的字符，该字符在当前源字符集中无效(代码页 65001)。
  (编译源文件“main.cpp”)
  
C:\vs studio cpp\project\fulfilling knight\fulfilling knight\Camera.h(1,1): warning C4828: 文件包含在偏移 0x3ed 处开始的字符，该字符在当前源字符集中无效(代码页 65001)。
  (编译源文件“main.cpp”)
  
C:\vs studio cpp\project\fulfilling knight\fulfilling knight\Camera.h(1,1): warning C4828: 文件包含在偏移 0x3ee 处开始的字符，该字符在当前源字符集中无效(代码页 65001)。
  (编译源文件“main.cpp”)
  
C:\vs studio cpp\project\fulfilling knight\fulfilling knight\Camera.h(1,1): warning C4828: 文件包含在偏移 0x3f0 处开始的字符，该字符在当前源字符集中无效(代码页 65001)。
  (编译源文件“main.cpp”)
  
C:\vs studio cpp\project\fulfilling knight\fulfilling knight\Camera.h(1,1): warning C4828: 文件包含在偏移 0x3f1 处开始的字符，该字符在当前源字符集中无效(代码页 65001)。
  (编译源文件“main.cpp”)
  
C:\vs studio cpp\project\fulfilling knight\fulfilling knight\Camera.h(1,1): warning C4828: 文件包含在偏移 0x3f4 处开始的字符，该字符在当前源字符集中无效(代码页 65001)。
  (编译源文件“main.cpp”)
  
C:\vs studio cpp\project\fulfilling knight\fulfilling knight\Camera.h(1,1): warning C4828: 文件包含在偏移 0x3f5 处开始的字符，该字符在当前源字符集中无效(代码页 65001)。
  (编译源文件“main.cpp”)
  
C:\vs studio cpp\project\fulfilling knight\fulfilling knight\Camera.h(1,1): warning C4828: 文件包含在偏移 0x3f6 处开始的字符，该字符在当前源字符集中无效(代码页 65001)。
  (编译源文件“main.cpp”)
  
C:\vs studio cpp\project\fulfilling knight\fulfilling knight\Camera.h(1,1): warning C4828: 文件包含在偏移 0x401 处开始的字符，该字符在当前源字符集中无效(代码页 65001)。
  (编译源文件“main.cpp”)
  
C:\vs studio cpp\project\fulfilling knight\fulfilling knight\Camera.h(1,1): warning C4828: 文件包含在偏移 0x402 处开始的字符，该字符在当前源字符集中无效(代码页 65001)。
  (编译源文件“main.cpp”)
  
C:\vs studio cpp\project\fulfilling knight\fulfilling knight\Camera.h(1,1): warning C4828: 文件包含在偏移 0x403 处开始的字符，该字符在当前源字符集中无效(代码页 65001)。
  (编译源文件“main.cpp”)
  
C:\vs studio cpp\project\fulfilling knight\fulfilling knight\Camera.h(1,1): warning C4828: 文件包含在偏移 0x405 处开始的字符，该字符在当前源字符集中无效(代码页 65001)。
  (编译源文件“main.cpp”)
  
C:\vs studio cpp\project\fulfilling knight\fulfilling knight\Camera.h(1,1): warning C4828: 文件包含在偏移 0x406 处开始的字符，该字符在当前源字符集中无效(代码页 65001)。
  (编译源文件“main.cpp”)
  
C:\vs studio cpp\project\fulfilling knight\fulfilling knight\Camera.h(1,1): warning C4828: 文件包含在偏移 0x40e 处开始的字符，该字符在当前源字符集中无效(代码页 65001)。
  (编译源文件“main.cpp”)
  
C:\vs studio cpp\project\fulfilling knight\fulfilling knight\Camera.h(1,1): warning C4828: 文件包含在偏移 0x40f 处开始的字符，该字符在当前源字符集中无效(代码页 65001)。
  (编译源文件“main.cpp”)
  
C:\vs studio cpp\project\fulfilling knight\fulfilling knight\Camera.h(1,1): warning C4828: 文件包含在偏移 0x410 处开始的字符，该字符在当前源字符集中无效(代码页 65001)。
  (编译源文件“main.cpp”)
  
C:\vs studio cpp\project\fulfilling knight\fulfilling knight\Camera.h(1,1): warning C4828: 文件包含在偏移 0x411 处开始的字符，该字符在当前源字符集中无效(代码页 65001)。
  (编译源文件“main.cpp”)
  
C:\vs studio cpp\project\fulfilling knight\fulfilling knight\Camera.h(1,1): warning C4828: 文件包含在偏移 0x413 处开始的字符，该字符在当前源字符集中无效(代码页 65001)。
  (编译源文件“main.cpp”)
  
C:\vs studio cpp\project\fulfilling knight\fulfilling knight\Camera.h(1,1): warning C4828: 文件包含在偏移 0x414 处开始的字符，该字符在当前源字符集中无效(代码页 65001)。
  (编译源文件“main.cpp”)
  
C:\vs studio cpp\project\fulfilling knight\fulfilling knight\Camera.h(1,1): warning C4828: 文件包含在偏移 0x415 处开始的字符，该字符在当前源字符集中无效(代码页 65001)。
  (编译源文件“main.cpp”)
  
C:\vs studio cpp\project\fulfilling knight\fulfilling knight\Camera.h(1,1): warning C4828: 文件包含在偏移 0x472 处开始的字符，该字符在当前源字符集中无效(代码页 65001)。
  (编译源文件“main.cpp”)
  
C:\vs studio cpp\project\fulfilling knight\fulfilling knight\Camera.h(1,1): warning C4828: 文件包含在偏移 0x478 处开始的字符，该字符在当前源字符集中无效(代码页 65001)。
  (编译源文件“main.cpp”)
  
C:\vs studio cpp\project\fulfilling knight\fulfilling knight\Camera.h(1,1): warning C4828: 文件包含在偏移 0x479 处开始的字符，该字符在当前源字符集中无效(代码页 65001)。
  (编译源文件“main.cpp”)
  
C:\vs studio cpp\project\fulfilling knight\fulfilling knight\Camera.h(1,1): warning C4828: 文件包含在偏移 0x47c 处开始的字符，该字符在当前源字符集中无效(代码页 65001)。
  (编译源文件“main.cpp”)
  
C:\vs studio cpp\project\fulfilling knight\fulfilling knight\Camera.h(1,1): warning C4828: 文件包含在偏移 0x47e 处开始的字符，该字符在当前源字符集中无效(代码页 65001)。
  (编译源文件“main.cpp”)
  
C:\vs studio cpp\project\fulfilling knight\fulfilling knight\Camera.h(1,1): warning C4828: 文件包含在偏移 0x480 处开始的字符，该字符在当前源字符集中无效(代码页 65001)。
  (编译源文件“main.cpp”)
  
C:\vs studio cpp\project\fulfilling knight\fulfilling knight\Camera.h(1,1): warning C4828: 文件包含在偏移 0x481 处开始的字符，该字符在当前源字符集中无效(代码页 65001)。
  (编译源文件“main.cpp”)
  
C:\vs studio cpp\project\fulfilling knight\fulfilling knight\main.cpp(424,64): warning C4267: “=”: 从“size_t”转换到“int”，可能丢失数据
C:\vs studio cpp\project\fulfilling knight\fulfilling knight\main.cpp(510,57): warning C4244: “参数”: 从“float”转换到“int”，可能丢失数据
C:\vs studio cpp\project\fulfilling knight\fulfilling knight\main.cpp(510,48): warning C4244: “参数”: 从“float”转换到“int”，可能丢失数据
C:\vs studio cpp\project\fulfilling knight\fulfilling knight\main.cpp(515,57): warning C4244: “参数”: 从“float”转换到“int”，可能丢失数据
C:\vs studio cpp\project\fulfilling knight\fulfilling knight\main.cpp(515,48): warning C4244: “参数”: 从“float”转换到“int”，可能丢失数据
C:\vs studio cpp\project\fulfilling knight\fulfilling knight\main.cpp(520,83): warning C4244: “参数”: 从“float”转换到“int”，可能丢失数据
C:\vs studio cpp\project\fulfilling knight\fulfilling knight\main.cpp(520,53): warning C4244: “参数”: 从“float”转换到“int”，可能丢失数据
C:\vs studio cpp\project\fulfilling knight\fulfilling knight\main.cpp(520,44): warning C4244: “参数”: 从“float”转换到“int”，可能丢失数据
C:\vs studio cpp\project\fulfilling knight\fulfilling knight\main.cpp(529,57): warning C4244: “参数”: 从“float”转换到“int”，可能丢失数据
C:\vs studio cpp\project\fulfilling knight\fulfilling knight\main.cpp(529,48): warning C4244: “参数”: 从“float”转换到“int”，可能丢失数据
C:\vs studio cpp\project\fulfilling knight\fulfilling knight\main.cpp(533,37): warning C4244: “初始化”: 从“double”转换到“float”，可能丢失数据
C:\vs studio cpp\project\fulfilling knight\fulfilling knight\main.cpp(537,72): warning C4244: “参数”: 从“float”转换到“int”，可能丢失数据
C:\vs studio cpp\project\fulfilling knight\fulfilling knight\main.cpp(537,44): warning C4244: “参数”: 从“float”转换到“int”，可能丢失数据
C:\vs studio cpp\project\fulfilling knight\fulfilling knight\main.cpp(538,77): warning C4244: “参数”: 从“float”转换到“int”，可能丢失数据
C:\vs studio cpp\project\fulfilling knight\fulfilling knight\main.cpp(538,49): warning C4244: “参数”: 从“float”转换到“int”，可能丢失数据
C:\vs studio cpp\project\fulfilling knight\fulfilling knight\main.cpp(545,38): warning C4244: “参数”: 从“float”转换到“int”，可能丢失数据
C:\vs studio cpp\project\fulfilling knight\fulfilling knight\main.cpp(545,28): warning C4244: “参数”: 从“float”转换到“int”，可能丢失数据
C:\vs studio cpp\project\fulfilling knight\fulfilling knight\main.cpp(546,38): warning C4244: “参数”: 从“float”转换到“int”，可能丢失数据
C:\vs studio cpp\project\fulfilling knight\fulfilling knight\main.cpp(546,28): warning C4244: “参数”: 从“float”转换到“int”，可能丢失数据
C:\vs studio cpp\project\fulfilling knight\fulfilling knight\main.cpp(549,57): warning C4244: “参数”: 从“float”转换到“int”，可能丢失数据
C:\vs studio cpp\project\fulfilling knight\fulfilling knight\main.cpp(549,51): warning C4244: “参数”: 从“float”转换到“int”，可能丢失数据
C:\vs studio cpp\project\fulfilling knight\fulfilling knight\main.cpp(549,31): warning C4244: “参数”: 从“float”转换到“int”，可能丢失数据
C:\vs studio cpp\project\fulfilling knight\fulfilling knight\main.cpp(564,80): warning C4244: “参数”: 从“float”转换到“int”，可能丢失数据
C:\vs studio cpp\project\fulfilling knight\fulfilling knight\main.cpp(564,62): warning C4244: “参数”: 从“float”转换到“int”，可能丢失数据
C:\vs studio cpp\project\fulfilling knight\fulfilling knight\main.cpp(564,48): warning C4244: “参数”: 从“float”转换到“int”，可能丢失数据
C:\vs studio cpp\project\fulfilling knight\fulfilling knight\main.cpp(564,39): warning C4244: “参数”: 从“float”转换到“int”，可能丢失数据
C:\vs studio cpp\project\fulfilling knight\fulfilling knight\main.cpp(631,34): warning C4244: “初始化”: 从“double”转换到“float”，可能丢失数据
C:\vs studio cpp\project\fulfilling knight\fulfilling knight\main.cpp(632,68): warning C4244: “参数”: 从“float”转换到“int”，可能丢失数据
C:\vs studio cpp\project\fulfilling knight\fulfilling knight\main.cpp(632,42): warning C4244: “参数”: 从“float”转换到“int”，可能丢失数据
C:\vs studio cpp\project\fulfilling knight\fulfilling knight\main.cpp(661,35): warning C4244: “初始化”: 从“double”转换到“float”，可能丢失数据
C:\vs studio cpp\project\fulfilling knight\fulfilling knight\main.cpp(676,74): warning C4244: “参数”: 从“float”转换到“int”，可能丢失数据
C:\vs studio cpp\project\fulfilling knight\fulfilling knight\main.cpp(676,56): warning C4244: “参数”: 从“float”转换到“int”，可能丢失数据
C:\vs studio cpp\project\fulfilling knight\fulfilling knight\main.cpp(676,41): warning C4244: “参数”: 从“float”转换到“int”，可能丢失数据
C:\vs studio cpp\project\fulfilling knight\fulfilling knight\main.cpp(676,31): warning C4244: “参数”: 从“float”转换到“int”，可能丢失数据
C:\vs studio cpp\project\fulfilling knight\fulfilling knight\main.cpp(777,76): warning C4244: “参数”: 从“float”转换到“int”，可能丢失数据
C:\vs studio cpp\project\fulfilling knight\fulfilling knight\main.cpp(777,56): warning C4244: “参数”: 从“float”转换到“int”，可能丢失数据
C:\vs studio cpp\project\fulfilling knight\fulfilling knight\main.cpp(777,40): warning C4244: “参数”: 从“float”转换到“int”，可能丢失数据
C:\vs studio cpp\project\fulfilling knight\fulfilling knight\main.cpp(777,31): warning C4244: “参数”: 从“float”转换到“int”，可能丢失数据
C:\vs studio cpp\project\fulfilling knight\fulfilling knight\main.cpp(783,32): warning C4244: “参数”: 从“float”转换到“int”，可能丢失数据
C:\vs studio cpp\project\fulfilling knight\fulfilling knight\main.cpp(783,27): warning C4244: “参数”: 从“float”转换到“int”，可能丢失数据
C:\vs studio cpp\project\fulfilling knight\fulfilling knight\main.cpp(785,41): warning C4244: “参数”: 从“float”转换到“int”，可能丢失数据
C:\vs studio cpp\project\fulfilling knight\fulfilling knight\main.cpp(785,32): warning C4244: “参数”: 从“float”转换到“int”，可能丢失数据
C:\vs studio cpp\project\fulfilling knight\fulfilling knight\main.cpp(785,27): warning C4244: “参数”: 从“float”转换到“int”，可能丢失数据
C:\vs studio cpp\project\fulfilling knight\fulfilling knight\main.cpp(786,37): warning C4244: “参数”: 从“float”转换到“int”，可能丢失数据
C:\vs studio cpp\project\fulfilling knight\fulfilling knight\main.cpp(786,32): warning C4244: “参数”: 从“float”转换到“int”，可能丢失数据
C:\vs studio cpp\project\fulfilling knight\fulfilling knight\main.cpp(789,36): warning C4244: “参数”: 从“float”转换到“int”，可能丢失数据
C:\vs studio cpp\project\fulfilling knight\fulfilling knight\main.cpp(789,27): warning C4244: “参数”: 从“float”转换到“int”，可能丢失数据
C:\vs studio cpp\project\fulfilling knight\fulfilling knight\main.cpp(791,46): warning C4244: “参数”: 从“float”转换到“int”，可能丢失数据
C:\vs studio cpp\project\fulfilling knight\fulfilling knight\main.cpp(791,36): warning C4244: “参数”: 从“float”转换到“int”，可能丢失数据
C:\vs studio cpp\project\fulfilling knight\fulfilling knight\main.cpp(791,27): warning C4244: “参数”: 从“float”转换到“int”，可能丢失数据
C:\vs studio cpp\project\fulfilling knight\fulfilling knight\main.cpp(792,41): warning C4244: “参数”: 从“float”转换到“int”，可能丢失数据
C:\vs studio cpp\project\fulfilling knight\fulfilling knight\main.cpp(792,32): warning C4244: “参数”: 从“float”转换到“int”，可能丢失数据
C:\vs studio cpp\project\fulfilling knight\fulfilling knight\main.cpp(795,36): warning C4244: “参数”: 从“float”转换到“int”，可能丢失数据
C:\vs studio cpp\project\fulfilling knight\fulfilling knight\main.cpp(795,27): warning C4244: “参数”: 从“float”转换到“int”，可能丢失数据
C:\vs studio cpp\project\fulfilling knight\fulfilling knight\main.cpp(797,46): warning C4244: “参数”: 从“float”转换到“int”，可能丢失数据
C:\vs studio cpp\project\fulfilling knight\fulfilling knight\main.cpp(797,36): warning C4244: “参数”: 从“float”转换到“int”，可能丢失数据
C:\vs studio cpp\project\fulfilling knight\fulfilling knight\main.cpp(797,27): warning C4244: “参数”: 从“float”转换到“int”，可能丢失数据
C:\vs studio cpp\project\fulfilling knight\fulfilling knight\main.cpp(798,41): warning C4244: “参数”: 从“float”转换到“int”，可能丢失数据
C:\vs studio cpp\project\fulfilling knight\fulfilling knight\main.cpp(798,32): warning C4244: “参数”: 从“float”转换到“int”，可能丢失数据
LINK : warning LNK4098: 默认库“MSVCRT”与其他库的使用冲突；请使用 /NODEFAULTLIB:library
  fulfilling knight.vcxproj -> C:\vs studio cpp\project\fulfilling knight\x64\Debug\fulfilling knight.exe
